d:\igme 750\gameengine\pooja\release\vc142.pdb
d:\igme 750\gameengine\pooja\release\texture.obj
d:\igme 750\gameengine\pooja\release\shader.obj
d:\igme 750\gameengine\pooja\release\resmanager.obj
d:\igme 750\gameengine\pooja\release\particleemitter.obj
d:\igme 750\gameengine\pooja\release\main.obj
d:\igme 750\gameengine\pooja\release\level.obj
d:\igme 750\gameengine\pooja\release\gameobj.obj
d:\igme 750\gameengine\pooja\release\gamecontroller.obj
d:\igme 750\gameengine\pooja\release\ballobj.obj
d:\igme 750\gameengine\pooja\release\pooja.exe
d:\igme 750\gameengine\pooja\release\pooja.pdb
d:\igme 750\gameengine\pooja\release\pooja.ipdb
d:\igme 750\gameengine\pooja\release\pooja.iobj
d:\igme 750\gameengine\pooja\release\pooja.tlog\cl.command.1.tlog
d:\igme 750\gameengine\pooja\release\pooja.tlog\cl.read.1.tlog
d:\igme 750\gameengine\pooja\release\pooja.tlog\cl.write.1.tlog
d:\igme 750\gameengine\pooja\release\pooja.tlog\link.command.1.tlog
d:\igme 750\gameengine\pooja\release\pooja.tlog\link.read.1.tlog
d:\igme 750\gameengine\pooja\release\pooja.tlog\link.write.1.tlog
d:\igme 750\gameengine\pooja\release\pooja.tlog\pooja.write.1u.tlog
